[32minfo[39m: "Creating country Moses Vandervort, with ID 7368"
[32minfo[39m: "Creating state Allison Cummerata, with ID 76568"
[32minfo[39m: "Creating city Noah Haag DVM, with ID 72017"
[32minfo[39m: "Creating country Eric Kemmer, with ID 70206"
[32minfo[39m: "Creating state Kim Toy, with ID 92851"
[32minfo[39m: "Creating country Lucas Rice, with ID 77198"
[32minfo[39m: "Creating city Joel Hodkiewicz, with ID 56110"
[32minfo[39m: "Creating country Julian Reynolds, with ID 31119"
[32minfo[39m: "Creating state Abel O'Keefe, with ID 51381"
[32minfo[39m: "Creating city Sally Reinger, with ID 81071"
[32minfo[39m: "Creating country Sandy Bernier, with ID 19616"
[32minfo[39m: "Creating state Bobby Feeney, with ID 98318"
[32minfo[39m: "Creating city Miss Wesley Heidenreich, with ID 70991"
[32minfo[39m: "Creating country Martha Sporer, with ID 53491"
[32minfo[39m: "Creating state Katherine Tremblay, with ID 10908"
[32minfo[39m: "Creating country Ms. Rosemary Rempel, with ID 8408"
[32minfo[39m: "Creating city Arturo Marks, with ID 82791"
[32minfo[39m: "Creating country Floyd Emard Jr., with ID 92735"
[32minfo[39m: "Creating state Morris Kessler, with ID 15328"
[32minfo[39m: "Creating city Joan Schinner, with ID 89386"
[32minfo[39m: "Creating country Miss Terence Durgan, with ID 32934"
[32minfo[39m: "Creating state Frankie Kerluke, with ID 52758"
[32minfo[39m: "Creating city Ellen Wiza, with ID 74927"
[32minfo[39m: "Creating country Ed Dibbert, with ID 74969"
[32minfo[39m: "Creating state Eva Stanton, with ID 58223"
[32minfo[39m: "Creating country Cory Welch, with ID 1764"
[32minfo[39m: "Creating city Karla Powlowski, with ID 43154"
[32minfo[39m: "Creating country Mrs. Melba Williamson III, with ID 50664"
[32minfo[39m: "Creating state Jana Fisher, with ID 53054"
[32minfo[39m: "Creating city Tanya Schneider, with ID 36745"
[32minfo[39m: "Creating country Brett Klein, with ID 41002"
[32minfo[39m: "Creating state Miss Elias Gleichner, with ID 97071"
[32minfo[39m: "Creating city Lucille Kreiger, with ID 45319"
[32minfo[39m: "Creating country Alexandra Ondricka, with ID 84320"
[32minfo[39m: "Creating state Dominick Ruecker, with ID 10360"
[32minfo[39m: "Creating country Hector Connelly, with ID 48337"
[32minfo[39m: "Creating city Earl Stamm, with ID 73824"
[32minfo[39m: "Creating country Dewey Stehr, with ID 63629"
[32minfo[39m: "Creating state Winifred Smith, with ID 70331"
[32minfo[39m: "Creating city Miss Simon Torphy, with ID 7196"
[32minfo[39m: "Creating country Nichole Grimes I, with ID 17067"
[32minfo[39m: "Creating state Amy Casper, with ID 93685"
[32minfo[39m: "Creating city Mrs. Marlene Weber, with ID 19305"
[32minfo[39m: "Creating country Tami Breitenberg, with ID 36512"
[32minfo[39m: "Creating state Conrad Bernier, with ID 60051"
[32minfo[39m: "Creating country Glen Bailey, with ID 26563"
[32minfo[39m: "Creating city Annette Roberts V, with ID 35830"
[32minfo[39m: "Creating country Marion Bashirian, with ID 99859"
[32minfo[39m: "Creating state Jaime Glover II, with ID 69595"
[32minfo[39m: "Creating city Brett Konopelski IV, with ID 73461"
[32minfo[39m: "Creating country Ms. Elijah Sauer, with ID 62823"
[32minfo[39m: "Creating state Andre Lebsack, with ID 27226"
[32minfo[39m: "Creating city Wanda Denesik, with ID 30378"
[32minfo[39m: "Creating country Lance Hackett, with ID 79042"
[32minfo[39m: "Creating state Nelson Feeney, with ID 84338"
[32minfo[39m: "Creating country Lowell Yost, with ID 28597"
[32minfo[39m: "Creating city Jerome Halvorson Sr., with ID 19448"
[32minfo[39m: "Creating country Angelica Bogan, with ID 42927"
[32minfo[39m: "Creating state Ross Carroll, with ID 27342"
[32minfo[39m: "Creating city Levi Stokes, with ID 51254"
[32minfo[39m: "Creating country Nellie Reynolds, with ID 82016"
[32minfo[39m: "Creating state Jack Mueller PhD, with ID 32125"
[32minfo[39m: "Creating city Kristine Smith, with ID 41801"
[32minfo[39m: "Creating country Rebecca Kilback, with ID 81180"
[32minfo[39m: "Creating state Eric Champlin, with ID 93788"
[32minfo[39m: "Creating country Kristina Greenfelder, with ID 20306"
[32minfo[39m: "Creating city Kerry O'Connell, with ID 53120"
[32minfo[39m: "Creating country Willie Wisoky, with ID 34539"
[32minfo[39m: "Creating state Luz Mertz, with ID 71666"
[32minfo[39m: "Creating city Daryl Luettgen, with ID 31681"
[32minfo[39m: "Creating country Mrs. Charlotte Kihn Sr., with ID 12034"
[32minfo[39m: "Creating state Ms. Roderick Roob, with ID 17839"
[32minfo[39m: "Creating city Juanita Schamberger, with ID 31075"
[32minfo[39m: "Creating country Clifford Green DDS, with ID 41345"
[32minfo[39m: "Creating state Denise Wilderman, with ID 32107"
[32minfo[39m: "Creating country Daryl Schimmel, with ID 11739"
[32minfo[39m: "Creating city Chad Doyle, with ID 48578"
[32minfo[39m: "Creating country Gene Weber, with ID 99423"
[32minfo[39m: "Creating state Rick Sauer, with ID 91114"
[32minfo[39m: "Creating city Aaron D'Amore, with ID 83288"
[32minfo[39m: "Creating country Stewart Nader, with ID 87592"
[32minfo[39m: "Creating state Anne Mayert, with ID 64716"
[32minfo[39m: "Creating city Cedric Bernhard, with ID 17620"
[32minfo[39m: "Creating country Tamara MacGyver, with ID 63699"
[32minfo[39m: "Creating state Elisa Altenwerth, with ID 35145"
[32minfo[39m: "Creating country Michelle Fadel, with ID 94270"
[32minfo[39m: "Creating city Eileen Abshire, with ID 9213"
[32minfo[39m: "Creating country Vernon Bosco Sr., with ID 94475"
[32minfo[39m: "Creating state Molly Jacobi, with ID 11878"
[32minfo[39m: "Creating city Chester Kub, with ID 90656"
[32minfo[39m: "Creating country Shawn Lubowitz III, with ID 55964"
[32minfo[39m: "Creating state Loretta Nolan, with ID 48423"
[32minfo[39m: "Creating city Larry Dibbert, with ID 61532"
[32minfo[39m: "Creating country Silvia Becker MD, with ID 79989"
[32minfo[39m: "Creating state Lynne Harvey, with ID 91344"
[32minfo[39m: "Creating country Marlon Hane Jr., with ID 8093"
[32minfo[39m: "Creating city Leland Schaefer, with ID 42134"
[32minfo[39m: "Creating country Tanya Kihn, with ID 97393"
[32minfo[39m: "Creating state Miss Opal Lakin, with ID 16611"
[32minfo[39m: "Creating city Lowell Johnston, with ID 55019"
[32minfo[39m: "Creating country Loren Schimmel, with ID 38496"
[32minfo[39m: "Creating state Francisco Tillman, with ID 2508"
[32minfo[39m: "Creating city Robert Gottlieb, with ID 3868"
[32minfo[39m: "Creating country Wilma Feest, with ID 73417"
[32minfo[39m: "Creating state Mrs. Oscar Durgan, with ID 12793"
[32minfo[39m: "Creating country Lawrence Schmeler, with ID 22048"
[32minfo[39m: "Creating city Orlando Boyle V, with ID 6506"
[32minfo[39m: "Creating country Vernon Spencer, with ID 90448"
[32minfo[39m: "Creating state Candice Kuphal, with ID 951"
[32minfo[39m: "Creating city Jacqueline Hane, with ID 12147"
[32minfo[39m: "Creating country Stephanie Kreiger, with ID 61325"
[32minfo[39m: "Creating state Kerry Lowe, with ID 93289"
[32minfo[39m: "Creating city Darrin Labadie, with ID 83280"
[32minfo[39m: "Creating country Javier Price, with ID 55401"
[32minfo[39m: "Creating state Lance Kshlerin, with ID 84095"
[32minfo[39m: "Creating country Rufus Watsica, with ID 43"
[32minfo[39m: "Creating city Verna Schroeder, with ID 88889"
[32minfo[39m: "Creating country Danny Legros, with ID 88028"
[32minfo[39m: "Creating state Lindsay Hodkiewicz, with ID 19026"
[32minfo[39m: "Creating city Ervin Larkin, with ID 50965"
[32minfo[39m: "Creating country Moses Mohr DVM, with ID 43297"
[32minfo[39m: "Creating state Martin Hilpert, with ID 24524"
[32minfo[39m: "Creating city Colleen Stark I, with ID 53985"
[32minfo[39m: "Creating country Nathaniel Wolff, with ID 83637"
[32minfo[39m: "Creating state Helen Renner, with ID 82851"
[32minfo[39m: "Creating country Natasha Rice, with ID 10930"
[32minfo[39m: "Creating city Janie Roob I, with ID 25586"
[32minfo[39m: "Creating country Mark Flatley, with ID 25073"
[32minfo[39m: "Creating state Chelsea Botsford, with ID 69223"
[32minfo[39m: "Creating city Brad Reilly, with ID 82655"
[32minfo[39m: "Creating country Stuart Lemke, with ID 72419"
[32minfo[39m: "Creating state Ms. Casey Murray, with ID 74666"
[32minfo[39m: "Creating city Mrs. Stacey Kuvalis MD, with ID 34354"
[32minfo[39m: "Creating country Vicky Willms, with ID 8847"
[32minfo[39m: "Creating state Misty Klocko DDS, with ID 19284"
[32minfo[39m: "Creating country Emanuel Bernhard, with ID 31047"
[32minfo[39m: "Creating city Mr. Roy Heaney, with ID 1369"
[32minfo[39m: "Creating country Jimmy Terry, with ID 89038"
[32minfo[39m: "Creating state Arthur Heaney, with ID 32034"
[32minfo[39m: "Creating city Ruth Jaskolski, with ID 82799"
[32minfo[39m: "Creating country Glen Lindgren, with ID 4446"
[32minfo[39m: "Creating state Gary Mayert, with ID 80083"
[32minfo[39m: "Creating city Terrence Kuhic, with ID 76591"
[32minfo[39m: "Creating country Valerie Rutherford MD, with ID 57216"
[32minfo[39m: "Creating state Olga Block, with ID 27692"
[32minfo[39m: "Creating country Irving Torp, with ID 94283"
[32minfo[39m: "Creating city Melvin Von, with ID 64834"
[32minfo[39m: "Creating country Kara West, with ID 93492"
[32minfo[39m: "Creating state Ray Ferry, with ID 1642"
[32minfo[39m: "Creating city Carla Crist, with ID 55339"
[32minfo[39m: "Creating country Kenneth Gleason IV, with ID 57922"
[32minfo[39m: "Creating state Becky Brakus, with ID 96242"
[32minfo[39m: "Creating city Sean Stanton, with ID 22709"
[32minfo[39m: "Creating country Sherman Crooks, with ID 83552"
[32minfo[39m: "Creating state Brandon Kuvalis, with ID 17550"
[32minfo[39m: "Creating country Mable Stiedemann, with ID 89472"
[32minfo[39m: "Creating city Ms. Leonard Klein, with ID 1949"
[32minfo[39m: "Creating country Marta Skiles III, with ID 21238"
[32minfo[39m: "Creating state Mrs. Daryl Hessel, with ID 95115"
[32minfo[39m: "Creating city Clayton Rowe, with ID 68599"
[32minfo[39m: "Creating country Sue Bosco, with ID 11727"
[32minfo[39m: "Creating state Micheal Rippin, with ID 45705"
[32minfo[39m: "Creating city Tim Klein, with ID 44391"
[32minfo[39m: "Creating country Ashley Nolan, with ID 57239"
[32minfo[39m: "Creating state Marjorie Klein, with ID 70550"
[32minfo[39m: "Creating country Caroline Kulas, with ID 59656"
[32minfo[39m: "Creating city Eduardo Cummings, with ID 25266"
[32minfo[39m: "Creating country Micheal Beatty, with ID 69093"
[32minfo[39m: "Creating state Jean McDermott, with ID 61634"
[32minfo[39m: "Creating city Glenda Nicolas, with ID 22298"
